<?xml version="1.0" encoding="UTF-8" ?>
<<<<<<< HEAD
<testsuite errors="0" failures="0" hostname="YUAN-PC" name="medrecappx.Service.A_SpesialisServiceTest" skipped="0" tests="4" time="1.617" timestamp="2014-02-10T18:07:46">
=======
<<<<<<< HEAD
<testsuite errors="0" failures="0" hostname="Samsung" name="medrecappx.Service.A_SpesialisServiceTest" skipped="0" tests="4" time="1.015" timestamp="2014-02-11T09:06:26">
=======
<<<<<<< HEAD
<testsuite errors="0" failures="0" hostname="YUAN-PC" name="medrecappx.Service.A_SpesialisServiceTest" skipped="0" tests="4" time="3.194" timestamp="2014-02-10T17:45:43">
>>>>>>> c8680d56d8eff19605ca6d57eda15addcc15b358
  <properties>
    <property name="default.javac.source" value="1.4" />
    <property name="file.encoding.pkg" value="sun.io" />
    <property name="ant.file.MedRecApp-impl" value="c:\Users\YUANITA\Documents\NetBeansProjects\medrecappx\nbproject\build-impl.xml" />
    <property name="javac.source" value="1.5" />
    <property name="java.home" value="c:\Program Files\Java\jdk1.7.0_21\jre" />
<<<<<<< HEAD
=======
=======
<<<<<<< HEAD
<testsuite errors="0" failures="0" hostname="Samsung" name="medrecappx.Service.A_SpesialisServiceTest" skipped="0" tests="4" time="1.076" timestamp="2014-02-11T08:33:41">
=======
<testsuite errors="0" failures="0" hostname="asus-PC" name="medrecappx.Service.A_SpesialisServiceTest" skipped="0" tests="4" time="0.409" timestamp="2014-02-10T17:31:12">
>>>>>>> 69c69a3e25015a2e4a1aa8213a30dd757ccb70e9
>>>>>>> 23fbea673253309599bdb466beccfe64bb9cc595
  <properties>
    <property name="default.javac.source" value="1.7" />
    <property name="file.encoding.pkg" value="sun.io" />
    <property name="ant.file.MedRecApp-impl" value="f:\TA\ci\git\medrecappx\nbproject\build-impl.xml" />
    <property name="libs.toplink.maven-pom" value="" />
    <property name="javac.source" value="1.5" />
    <property name="java.home" value="c:\Program Files\Java\jdk1.7.0_45\jre" />
>>>>>>> 4565b20c5be1a93d8b91d3ba0718ba49f8ea70bd
>>>>>>> c8680d56d8eff19605ca6d57eda15addcc15b358
    <property name="do.archive+manifest.available+main.class" value="true" />
    <property name="test.src.dir" value="test" />
    <property name="javadoc.version" value="false" />
    <property name="libs.CopyLibs.classpath" value="c:/Users/YUANITA/Documents/NetBeansProjects/medrecappx/lib/CopyLibs/org-netbeans-modules-java-j2seproject-copylibstask.jar" />
    <property name="ant.file.MedRecAppX" value="c:\Users\YUANITA\Documents\NetBeansProjects\medrecappx\build.xml" />
    <property name="libraries.path" value="c:\Users\YUANITA\Documents\NetBeansProjects\medrecappx\lib\nblibraries.properties" />
    <property name="java.endorsed.dirs" value="c:\Program Files\Java\jdk1.7.0_21\jre\lib\endorsed" />
    <property name="libs.MySQLDriver.classpath" value="c:/Users/YUANITA/Documents/NetBeansProjects/medrecappx/lib/MySQLDriver/mysql-connector-java-5.1.6-bin.jar" />
    <property name="src.dir" value="src" />
    <property name="debug-args-line" value="-Xdebug" />
    <property name="build.sysclasspath" value="ignore" />
    <property name="have.sources" value="true" />
    <property name="includes" value="**" />
    <property name="javac.fork" value="false" />
    <property name="source.encoding" value="UTF-8" />
    <property name="sun.os.patch.level" value="Service Pack 1" />
    <property name="java.vendor.url" value="http://java.oracle.com/" />
    <property name="java.version" value="1.7.0_21" />
    <property name="javac.debug" value="true" />
    <property name="run.classpath" value="c:/Users/YUANITA/Documents/NetBeansProjects/medrecappx/lib/MySQLDriver/mysql-connector-java-5.1.6-bin.jar:lib\jcalendar-1.4.jar:build/classes" />
    <property name="java.vendor.url.bug" value="http://bugreport.sun.com/bugreport/" />
    <property name="ant.project.invoked-targets" value="test" />
    <property name="annotation.processing.run.all.processors" value="true" />
    <property name="manifest.file" value="manifest.mf" />
    <property name="mysqladmin" value="C:\xampp\mysql\bin\mysqladmin.exe" />
    <property name="user.name" value="YUANITA" />
    <property name="manifest.available+main.class+mkdist.available" value="true" />
    <property name="empty.dir" value="c:\Users\YUANITA\Documents\NetBeansProjects\medrecappx\build\empty" />
    <property name="sun.io.unicode.encoding" value="UnicodeLittle" />
    <property name="sql.pass" value="" />
    <property name="sun.jnu.encoding" value="Cp1252" />
    <property name="java.runtime.name" value="Java(TM) SE Runtime Environment" />
    <property name="application.vendor" value="asus" />
    <property name="main.class.available" value="true" />
    <property name="java.specification.name" value="Java Platform API Specification" />
    <property name="javadoc.author" value="false" />
    <property name="user.timezone" value="" />
    <property name="manifest.available" value="true" />
    <property name="libs.junit.javadoc" value="c:/Users/YUANITA/Documents/NetBeansProjects/medrecappx/lib/junit/junit-3.8.2-api.zip" />
    <property name="user.script" value="" />
    <property name="path.separator" value=";" />
    <property name="version-output" value="java version &quot;1.7" />
    <property name="sql.user" value="root" />
    <property name="file.reference.junit-4.11.jar" value="lib\junit-4.11.jar" />
    <property name="file.encoding" value="Cp1252" />
    <property name="dist.javadoc.dir" value="dist/javadoc" />
    <property name="ant.project.default-target" value="default" />
<<<<<<< HEAD
    <property name="sun.java.command" value="org.apache.tools.ant.taskdefs.optional.junit.JUnitTestRunner medrecappx.Service.A_SpesialisServiceTest skipNonTests=false filtertrace=true haltOnError=false haltOnFailure=false showoutput=true outputtoformatters=true logfailedtests=true logtestlistenerevents=false formatter=org.apache.tools.ant.taskdefs.optional.junit.BriefJUnitResultFormatter formatter=org.apache.tools.ant.taskdefs.optional.junit.XMLJUnitResultFormatter,c:\Users\YUANITA\Documents\NetBeansProjects\medrecappx\build\test\results\TEST-medrecappx.Service.A_SpesialisServiceTest.xml crashfile=c:\Users\YUANITA\Documents\NetBeansProjects\medrecappx\build\junitvmwatcher7175085665551728086.properties propsfile=c:\Users\YUANITA\Documents\NetBeansProjects\medrecappx\build\junit4718013814012423379.properties" />
=======
    <property name="libs.hibernate-persistence.javadoc" value="" />
    <property name="libs.ejb3-persistence.classpath" value="C:\Program Files\NetBeans 6.9.1\java\modules\ext\hibernate\ejb3-persistence.jar" />
<<<<<<< HEAD
    <property name="sun.java.command" value="org.apache.tools.ant.taskdefs.optional.junit.JUnitTestRunner medrecappx.Service.A_SpesialisServiceTest filtertrace=true haltOnError=false haltOnFailure=false showoutput=true outputtoformatters=true logfailedtests=true logtestlistenerevents=false formatter=org.apache.tools.ant.taskdefs.optional.junit.BriefJUnitResultFormatter formatter=org.apache.tools.ant.taskdefs.optional.junit.XMLJUnitResultFormatter,f:\TA\ci\git\medrecappx\build\test\results\TEST-medrecappx.Service.A_SpesialisServiceTest.xml crashfile=f:\TA\ci\git\medrecappx\build\junitvmwatcher7413322030281290229.properties propsfile=f:\TA\ci\git\medrecappx\build\junit1263477734521264991.properties" />
=======
<<<<<<< HEAD
    <property name="sun.java.command" value="org.apache.tools.ant.taskdefs.optional.junit.JUnitTestRunner medrecappx.Service.A_SpesialisServiceTest skipNonTests=false filtertrace=true haltOnError=false haltOnFailure=false showoutput=true outputtoformatters=true logfailedtests=true logtestlistenerevents=false formatter=org.apache.tools.ant.taskdefs.optional.junit.BriefJUnitResultFormatter formatter=org.apache.tools.ant.taskdefs.optional.junit.XMLJUnitResultFormatter,c:\Users\YUANITA\Documents\NetBeansProjects\medrecappx\build\test\results\TEST-medrecappx.Service.A_SpesialisServiceTest.xml crashfile=c:\Users\YUANITA\Documents\NetBeansProjects\medrecappx\build\junitvmwatcher9197845067706444246.properties propsfile=c:\Users\YUANITA\Documents\NetBeansProjects\medrecappx\build\junit3809866075600114299.properties" />
>>>>>>> c8680d56d8eff19605ca6d57eda15addcc15b358
    <property name="built-jar.properties" value="c:\Users\YUANITA\Documents\NetBeansProjects\medrecappx\build\built-jar.properties" />
    <property name="ant.file" value="c:\Users\YUANITA\Documents\NetBeansProjects\medrecappx\build.xml" />
    <property name="file.reference.fest-assert-1.2.jar" value="lib\fest-swing-1.2\fest-assert-1.2.jar" />
    <property name="libs.junit_4.src" value="c:/Users/YUANITA/Documents/NetBeansProjects/medrecappx/lib/junit_4/junit-4.5-src.jar" />
    <property name="do.jar" value="true" />
    <property name="java.io.tmpdir" value="C:\Users\YUANITA\AppData\Local\Temp\" />
<<<<<<< HEAD
=======
=======
<<<<<<< HEAD
    <property name="sun.java.command" value="org.apache.tools.ant.taskdefs.optional.junit.JUnitTestRunner medrecappx.Service.A_SpesialisServiceTest filtertrace=true haltOnError=false haltOnFailure=false showoutput=true outputtoformatters=true logfailedtests=true logtestlistenerevents=false formatter=org.apache.tools.ant.taskdefs.optional.junit.BriefJUnitResultFormatter formatter=org.apache.tools.ant.taskdefs.optional.junit.XMLJUnitResultFormatter,f:\TA\ci\git\medrecappx\build\test\results\TEST-medrecappx.Service.A_SpesialisServiceTest.xml crashfile=f:\TA\ci\git\medrecappx\build\junitvmwatcher7461065679097625065.properties propsfile=f:\TA\ci\git\medrecappx\build\junit6723412178391396160.properties" />
>>>>>>> 23fbea673253309599bdb466beccfe64bb9cc595
    <property name="built-jar.properties" value="f:\TA\ci\git\medrecappx\build\built-jar.properties" />
    <property name="libs.junit.src" value="" />
    <property name="ant.file" value="f:\TA\ci\git\medrecappx\build.xml" />
    <property name="file.reference.fest-assert-1.2.jar" value="lib\fest-swing-1.2\fest-assert-1.2.jar" />
    <property name="libs.junit_4.src" value="f:/TA/ci/git/medrecappx/lib/junit_4/junit-4.5-src.jar" />
    <property name="do.jar" value="true" />
    <property name="java.io.tmpdir" value="C:\Users\HERNAW~1\AppData\Local\Temp\" />
>>>>>>> 4565b20c5be1a93d8b91d3ba0718ba49f8ea70bd
>>>>>>> c8680d56d8eff19605ca6d57eda15addcc15b358
    <property name="build.test.results.dir" value="build/test/results" />
    <property name="user.language" value="en" />
    <property name="line.separator" value="&#xd;&#xa;" />
    <property name="javac.compilerargs" value="" />
    <property name="ant.file.type" value="file" />
    <property name="jar.compress" value="false" />
    <property name="debug-transport-by-os" value="dt_shmem" />
    <property name="java.vm.info" value="mixed mode, sharing" />
    <property name="javadoc.private" value="false" />
    <property name="annotation.processing.processors.list" value="" />
    <property name="sun.desktop" value="windows" />
    <property name="java.vm.specification.name" value="Java Virtual Machine Specification" />
    <property name="build.test.classes.dir" value="build/test/classes" />
    <property name="file.reference.fest-swing-1.2.jar" value="lib\fest-swing-1.2\fest-swing-1.2.jar" />
    <property name="manifest.available+main.class" value="true" />
    <property name="file.reference.fest-util-1.1.2.jar" value="lib\fest-swing-1.2\fest-util-1.1.2.jar" />
    <property name="platform.active" value="default_platform" />
    <property name="ap.cmd.line.internal" value="" />
    <property name="libs.junit_4.javadoc" value="c:/Users/YUANITA/Documents/NetBeansProjects/medrecappx/lib/junit_4/junit-4.5-api.zip" />
    <property name="endorsed.classpath" value="" />
    <property name="do.mkdist" value="true" />
    <property name="javadoc.encoding" value="UTF-8" />
    <property name="java.awt.printerjob" value="sun.awt.windows.WPrinterJob" />
    <property name="do.archive" value="true" />
    <property name="dist.jar" value="dist/MedRecAppX.jar" />
    <property name="meta.inf.dir" value="src/META-INF" />
    <property name="ant.version" value="Apache Ant(TM) version 1.9.3 compiled on December 23 2013" />
    <property name="javadoc.nonavbar" value="false" />
    <property name="user.properties.file" value="C:\Users\Hernawati Susanti S\.netbeans\6.9\build.properties" />
    <property name="annotation.processing.source.output" value="build/generated-sources/ap-source-output" />
    <property name="sql.driver" value="com.mysql.jdbc.Driver" />
    <property name="build.generated.dir" value="build/generated" />
    <property name="os.name" value="Windows 7" />
    <property name="java.specification.vendor" value="Oracle Corporation" />
    <property name="run.test.classpath" value="c:/Users/YUANITA/Documents/NetBeansProjects/medrecappx/lib/MySQLDriver/mysql-connector-java-5.1.6-bin.jar:lib\jcalendar-1.4.jar:build/classes:lib\junit-4.11.jar:c:/Users/YUANITA/Documents/NetBeansProjects/medrecappx/lib/junit_4/junit-4.5.jar:lib\fest-swing-1.2\fest-assert-1.2.jar:lib\fest-swing-1.2\fest-reflect-1.2.jar:lib\fest-swing-1.2\fest-swing-1.2.jar:lib\fest-swing-1.2\fest-util-1.1.2.jar:build/test/classes" />
    <property name="java.vm.name" value="Java HotSpot(TM) Client VM" />
    <property name="ant.file.type.MedRecAppX" value="file" />
    <property name="libs.junit.classpath" value="c:/Users/YUANITA/Documents/NetBeansProjects/medrecappx/lib/junit/junit-3.8.2.jar" />
    <property name="java.library.path" value="c:\Program Files\Java\jdk1.7.0_21\jre\bin;C:\Windows\Sun\Java\bin;C:\Windows\system32;C:\Windows;c:\Users\YUANITA\bin;.;C:\Program Files\Git\local\bin;C:\Program Files\Git\mingw\bin;C:\Program Files\Git\bin;c:\Windows\system32;c:\Windows;c:\Windows\System32\Wbem;c:\Windows\System32\WindowsPowerShell\v1.0\;c:\Program Files\Java\jdk1.7.0_21;c:\xampp\php;d:\ant\bin;c:\Program Files\Java\jre7\bin;c:\Program Files\Jenkins;c:\Program Files\Bazaar;c:\Program Files\Mercurial;c:\Program Files\TortoiseGit\bin;c:\Program Files\TortoiseHg\;c:\Program Files\TortoiseSVN\bin;." />
    <property name="do.archive+manifest.available+main.class+mkdist.available" value="true" />
    <property name="ant.java.version" value="1.7" />
    <property name="basedir" value="c:\Users\YUANITA\Documents\NetBeansProjects\medrecappx" />
    <property name="javadoc.noindex" value="false" />
    <property name="java.class.version" value="51.0" />
    <property name="javac.test.classpath" value="c:/Users/YUANITA/Documents/NetBeansProjects/medrecappx/lib/MySQLDriver/mysql-connector-java-5.1.6-bin.jar:lib\jcalendar-1.4.jar:build/classes:lib\junit-4.11.jar:c:/Users/YUANITA/Documents/NetBeansProjects/medrecappx/lib/junit_4/junit-4.5.jar:lib\fest-swing-1.2\fest-assert-1.2.jar:lib\fest-swing-1.2\fest-reflect-1.2.jar:lib\fest-swing-1.2\fest-swing-1.2.jar:lib\fest-swing-1.2\fest-util-1.1.2.jar" />
    <property name="javac.processorpath" value="c:/Users/YUANITA/Documents/NetBeansProjects/medrecappx/lib/MySQLDriver/mysql-connector-java-5.1.6-bin.jar:lib\jcalendar-1.4.jar" />
    <property name="ant.home" value="d:/ant" />
    <property name="javadoc.splitindex" value="true" />
    <property name="javac.test.processorpath" value="c:/Users/YUANITA/Documents/NetBeansProjects/medrecappx/lib/MySQLDriver/mysql-connector-java-5.1.6-bin.jar:lib\jcalendar-1.4.jar:build/classes:lib\junit-4.11.jar:c:/Users/YUANITA/Documents/NetBeansProjects/medrecappx/lib/junit_4/junit-4.5.jar:lib\fest-swing-1.2\fest-assert-1.2.jar:lib\fest-swing-1.2\fest-reflect-1.2.jar:lib\fest-swing-1.2\fest-swing-1.2.jar:lib\fest-swing-1.2\fest-util-1.1.2.jar" />
    <property name="javadoc.preview" value="true" />
    <property name="libs.junit_4.classpath" value="c:/Users/YUANITA/Documents/NetBeansProjects/medrecappx/lib/junit_4/junit-4.5.jar" />
    <property name="sun.boot.library.path" value="c:\Program Files\Java\jdk1.7.0_21\jre\bin" />
    <property name="build.dir" value="build" />
    <property name="application.title" value="MedRecAppX" />
    <property name="sun.management.compiler" value="HotSpot Client Compiler" />
    <property name="java.awt.graphicsenv" value="sun.awt.Win32GraphicsEnvironment" />
    <property name="user.variant" value="" />
    <property name="javadoc.encoding.used" value="UTF-8" />
    <property name="libraries.dir.nativedirsep" value="c:\Users\YUANITA\Documents\NetBeansProjects\medrecappx\lib" />
    <property name="&lt;&lt;&lt;&lt;&lt;&lt;&lt;" value="HEAD" />
    <property name="javadoc.windowtitle" value="" />
    <property name="annotation.processing.enabled" value="true" />
    <property name="build.generated.sources.dir" value="build/generated-sources" />
    <property name="run.jvmargs" value="" />
    <property name="file.reference.jcalendar-1.4.jar" value="lib\jcalendar-1.4.jar" />
    <property name="ant.project.name" value="MedRecAppX" />
    <property name="java.vm.specification.version" value="1.7" />
    <property name="work.dir" value="c:\Users\YUANITA\Documents\NetBeansProjects\medrecappx" />
    <property name="awt.toolkit" value="sun.awt.windows.WToolkit" />
    <property name="javadoc.use" value="true" />
    <property name="sun.cpu.isalist" value="pentium_pro+mmx pentium_pro pentium+mmx pentium i486 i386 i86" />
    <property name="java.ext.dirs" value="c:\Program Files\Java\jdk1.7.0_21\jre\lib\ext;C:\Windows\Sun\Java\lib\ext" />
    <property name="os.version" value="6.1" />
    <property name="excludes" value="" />
    <property name="user.home" value="C:\Users\YUANITA" />
    <property name="libraries.basename" value="nblibraries" />
    <property name="java.vm.vendor" value="Oracle Corporation" />
    <property name="user.dir" value="c:\Users\YUANITA\Documents\NetBeansProjects\medrecappx" />
    <property name="debug-transport" value="dt_shmem" />
    <property name="&gt;&gt;&gt;&gt;&gt;&gt;&gt;" value="4565b20c5be1a93d8b91d3ba0718ba49f8ea70bd" />
    <property name="application.args" value="" />
    <property name="sun.cpu.endian" value="little" />
    <property name="compile.on.save" value="true" />
    <property name="endorsed.classpath.cmd.line.arg" value="" />
    <property name="mysql.dbname" value="medrec" />
    <property name="jar.index" value="false" />
    <property name="libraries.dir" value="c:/Users/YUANITA/Documents/NetBeansProjects/medrecappx/lib" />
    <property name="java.vm.version" value="23.21-b01" />
    <property name="java.class.path" value="c:\Users\YUANITA\Documents\NetBeansProjects\medrecappx\lib\MySQLDriver\mysql-connector-java-5.1.6-bin.jar;c:\Users\YUANITA\Documents\NetBeansProjects\medrecappx\lib\jcalendar-1.4.jar;c:\Users\YUANITA\Documents\NetBeansProjects\medrecappx\build\classes;c:\Users\YUANITA\Documents\NetBeansProjects\medrecappx\lib\junit-4.11.jar;c:\Users\YUANITA\Documents\NetBeansProjects\medrecappx\lib\junit_4\junit-4.5.jar;c:\Users\YUANITA\Documents\NetBeansProjects\medrecappx\lib\fest-swing-1.2\fest-assert-1.2.jar;c:\Users\YUANITA\Documents\NetBeansProjects\medrecappx\lib\fest-swing-1.2\fest-reflect-1.2.jar;c:\Users\YUANITA\Documents\NetBeansProjects\medrecappx\lib\fest-swing-1.2\fest-swing-1.2.jar;c:\Users\YUANITA\Documents\NetBeansProjects\medrecappx\lib\fest-swing-1.2\fest-util-1.1.2.jar;c:\Users\YUANITA\Documents\NetBeansProjects\medrecappx\build\test\classes;D:\ant\lib\ant-launcher.jar;d:\ant\lib\ant.jar;d:\ant\lib\ant-junit.jar;d:\ant\lib\ant-junit4.jar" />
    <property name="annotation.processing.processor.options" value="" />
    <property name="jdbc.jar" value="lib\MySQLDriver\mysql-connector-java-5.1.6-bin.jar" />
    <property name="ant.library.dir" value="d:/ant/lib" />
    <property name="os.arch" value="x86" />
    <property name="javac.deprecation" value="false" />
    <property name="build.classes.excludes" value="**/*.java,**/*.form" />
    <property name="dist.dir" value="dist" />
    <property name="debug.classpath" value="c:/Users/YUANITA/Documents/NetBeansProjects/medrecappx/lib/MySQLDriver/mysql-connector-java-5.1.6-bin.jar:lib\jcalendar-1.4.jar:build/classes" />
    <property name="sun.java.launcher" value="SUN_STANDARD" />
    <property name="annotation.processing.enabled.in.editor" value="false" />
    <property name="ant.core.lib" value="d:\ant\lib\ant.jar" />
    <property name="java.vm.specification.vendor" value="Oracle Corporation" />
    <property name="do.depend" value="false" />
    <property name="file.separator" value="\" />
    <property name="java.runtime.version" value="1.7.0_21-b11" />
    <property name="sun.boot.class.path" value="c:\Program Files\Java\jdk1.7.0_21\jre\lib\resources.jar;c:\Program Files\Java\jdk1.7.0_21\jre\lib\rt.jar;c:\Program Files\Java\jdk1.7.0_21\jre\lib\sunrsasign.jar;c:\Program Files\Java\jdk1.7.0_21\jre\lib\jsse.jar;c:\Program Files\Java\jdk1.7.0_21\jre\lib\jce.jar;c:\Program Files\Java\jdk1.7.0_21\jre\lib\charsets.jar;c:\Program Files\Java\jdk1.7.0_21\jre\lib\jfr.jar;c:\Program Files\Java\jdk1.7.0_21\jre\classes" />
    <property name="debug.test.classpath" value="c:/Users/YUANITA/Documents/NetBeansProjects/medrecappx/lib/MySQLDriver/mysql-connector-java-5.1.6-bin.jar:lib\jcalendar-1.4.jar:build/classes:lib\junit-4.11.jar:c:/Users/YUANITA/Documents/NetBeansProjects/medrecappx/lib/junit_4/junit-4.5.jar:lib\fest-swing-1.2\fest-assert-1.2.jar:lib\fest-swing-1.2\fest-reflect-1.2.jar:lib\fest-swing-1.2\fest-swing-1.2.jar:lib\fest-swing-1.2\fest-util-1.1.2.jar:build/test/classes" />
    <property name="main.class" value="medrecappx.Main" />
    <property name="have.tests" value="true" />
    <property name="sql.url" value="jdbc:mysql://localhost:3306/medrec" />
    <property name="user.country" value="US" />
    <property name="javadoc.notree" value="false" />
    <property name="file.reference.fest-reflect-1.2.jar" value="lib\fest-swing-1.2\fest-reflect-1.2.jar" />
    <property name="ant.file.type.MedRecApp-impl" value="file" />
    <property name="javadoc.additionalparam" value="" />
    <property name="javac.classpath" value="c:/Users/YUANITA/Documents/NetBeansProjects/medrecappx/lib/MySQLDriver/mysql-connector-java-5.1.6-bin.jar:lib\jcalendar-1.4.jar" />
    <property name="default.javac.target" value="1.4" />
    <property name="build.classes.dir" value="build/classes" />
    <property name="do.archive+manifest.available" value="true" />
    <property name="java.vendor" value="Oracle Corporation" />
    <property name="javac.target" value="1.5" />
    <property name="runtime.encoding" value="UTF-8" />
    <property name="java.specification.version" value="1.7" />
    <property name="sun.arch.data.model" value="32" />
    <property name="" value="======" />
  </properties>
<<<<<<< HEAD
  <testcase classname="medrecappx.Service.A_SpesialisServiceTest" name="a_insertSpesialis" time="0.595" />
  <testcase classname="medrecappx.Service.A_SpesialisServiceTest" name="b_updateSpesialis" time="0.291" />
  <testcase classname="medrecappx.Service.A_SpesialisServiceTest" name="c_deleteSpesialis" time="0.632" />
  <testcase classname="medrecappx.Service.A_SpesialisServiceTest" name="d_getAllSpesialis" time="0.0" />
=======
<<<<<<< HEAD
  <testcase classname="medrecappx.Service.A_SpesialisServiceTest" name="a_insertSpesialis" time="0.764" />
  <testcase classname="medrecappx.Service.A_SpesialisServiceTest" name="b_updateSpesialis" time="0.016" />
  <testcase classname="medrecappx.Service.A_SpesialisServiceTest" name="c_deleteSpesialis" time="0.0" />
  <testcase classname="medrecappx.Service.A_SpesialisServiceTest" name="d_getAllSpesialis" time="0.0" />
=======
<<<<<<< HEAD
  <testcase classname="medrecappx.Service.A_SpesialisServiceTest" name="a_insertSpesialis" time="0.961" />
  <testcase classname="medrecappx.Service.A_SpesialisServiceTest" name="b_updateSpesialis" time="0.089" />
  <testcase classname="medrecappx.Service.A_SpesialisServiceTest" name="c_deleteSpesialis" time="0.057" />
  <testcase classname="medrecappx.Service.A_SpesialisServiceTest" name="d_getAllSpesialis" time="0.0" />
=======
<<<<<<< HEAD
  <testcase classname="medrecappx.Service.A_SpesialisServiceTest" name="a_insertSpesialis" time="0.78" />
  <testcase classname="medrecappx.Service.A_SpesialisServiceTest" name="b_updateSpesialis" time="0.032" />
  <testcase classname="medrecappx.Service.A_SpesialisServiceTest" name="c_deleteSpesialis" time="0.046" />
  <testcase classname="medrecappx.Service.A_SpesialisServiceTest" name="d_getAllSpesialis" time="0.0" />
=======
  <testcase classname="medrecappx.Service.A_SpesialisServiceTest" name="a_insertSpesialis" time="0.321" />
  <testcase classname="medrecappx.Service.A_SpesialisServiceTest" name="b_updateSpesialis" time="0.002" />
  <testcase classname="medrecappx.Service.A_SpesialisServiceTest" name="c_deleteSpesialis" time="0.002" />
  <testcase classname="medrecappx.Service.A_SpesialisServiceTest" name="d_getAllSpesialis" time="0.001" />
>>>>>>> 69c69a3e25015a2e4a1aa8213a30dd757ccb70e9
>>>>>>> 4565b20c5be1a93d8b91d3ba0718ba49f8ea70bd
>>>>>>> 23fbea673253309599bdb466beccfe64bb9cc595
>>>>>>> c8680d56d8eff19605ca6d57eda15addcc15b358
  <system-out><![CDATA[1. serviceInsertSpesialis
2. serviceUpdateSpesialis
3. serviceDeleteSpesialis
4. serviceGetAllSpesialis
]]></system-out>
  <system-err><![CDATA[]]></system-err>
</testsuite>
